2019-10-28 00:56:33.901 INFO  com.hzq.dragonshopping.DragonshoppingApplication Line:50  - Starting DragonshoppingApplication on DESKTOP-83UI59K with PID 15540 (D:\0BianChen\BianChen\dragonshopping\target\classes started by 胡志强 in D:\0BianChen\BianChen\dragonshopping)
2019-10-28 00:56:33.901 DEBUG com.hzq.dragonshopping.DragonshoppingApplication Line:53  - Running with Spring Boot v2.1.8.RELEASE, Spring v5.1.9.RELEASE
2019-10-28 00:56:33.905 INFO  com.hzq.dragonshopping.DragonshoppingApplication Line:648 - No active profile set, falling back to default profiles: default
2019-10-28 00:56:34.785 INFO  org.apache.catalina.core.StandardService Line:173 - Starting service [Tomcat]
2019-10-28 00:56:34.785 INFO  org.apache.catalina.core.StandardEngine Line:173 - Starting Servlet engine: [Apache Tomcat/9.0.24]
2019-10-28 00:56:34.825 INFO  org.apache.catalina.core.ContainerBase.[Tomcat].[localhost].[/] Line:173 - Initializing Spring embedded WebApplicationContext
2019-10-28 00:56:35.169 INFO  com.hzq.dragonshopping.DragonshoppingApplication Line:59  - Started DragonshoppingApplication in 1.412 seconds (JVM running for 41.152)
2019-10-28 00:56:38.151 INFO  com.hzq.dragonshopping.DragonshoppingApplication Line:50  - Starting DragonshoppingApplication on DESKTOP-83UI59K with PID 7308 (D:\0BianChen\BianChen\dragonshopping\target\classes started by 胡志强 in D:\0BianChen\BianChen\dragonshopping)
2019-10-28 00:56:38.159 DEBUG com.hzq.dragonshopping.DragonshoppingApplication Line:53  - Running with Spring Boot v2.1.8.RELEASE, Spring v5.1.9.RELEASE
2019-10-28 00:56:38.163 INFO  com.hzq.dragonshopping.DragonshoppingApplication Line:648 - No active profile set, falling back to default profiles: default
2019-10-28 00:56:41.952 INFO  org.apache.catalina.core.StandardService Line:173 - Starting service [Tomcat]
2019-10-28 00:56:41.956 INFO  org.apache.catalina.core.StandardEngine Line:173 - Starting Servlet engine: [Apache Tomcat/9.0.24]
2019-10-28 00:56:42.144 INFO  org.apache.catalina.core.ContainerBase.[Tomcat].[localhost].[/] Line:173 - Initializing Spring embedded WebApplicationContext
2019-10-28 00:56:44.416 INFO  com.hzq.dragonshopping.DragonshoppingApplication Line:59  - Started DragonshoppingApplication in 6.997 seconds (JVM running for 8.6)
2019-10-28 00:56:47.916 INFO  org.apache.catalina.core.ContainerBase.[Tomcat].[localhost].[/] Line:173 - Initializing Spring DispatcherServlet 'dispatcherServlet'
2019-10-28 00:56:47.976 INFO  com.zaxxer.hikari.HikariDataSource Line:110 - HikariPool-1 - Starting...
2019-10-28 00:56:48.104 INFO  com.zaxxer.hikari.HikariDataSource Line:123 - HikariPool-1 - Start completed.
2019-10-28 00:56:48.112 DEBUG com.hzq.dragonshopping.mapper.ProduceCategoryMapper.selectProduceCategoryExampleById Line:143 - ==>  Preparing: SELECT * FROM produce_sell_category as T1 left join produce_sell as T2 on T1.sortnum = T2.produce_produce_sortnum where produce_id=? 
2019-10-28 00:56:48.136 DEBUG com.hzq.dragonshopping.mapper.ProduceCategoryMapper.selectProduceCategoryExampleById Line:143 - ==> Parameters: 2(Integer)
2019-10-28 00:56:48.160 DEBUG com.hzq.dragonshopping.mapper.ProduceCategoryMapper.selectProduceCategoryExampleById Line:143 - <==      Total: 1
2019-10-28 00:56:48.164 DEBUG com.hzq.dragonshopping.mapper.ProduceMapper.selectProducCommentsUserByProducId Line:143 - ==>  Preparing: SELECT p.produce_id, p.produce_name, p.produce_explain, p.produce_count, p.produce_price, p.produce_shop_price, p.produce_imgurl, p.produce_author, p.produce_sale_count, p.produce_hot, u.user_id, u.user_name, u.user_sex, u.user_headimgurl, c.comments_id, c.comments_centent, c.comments_user_id, c.comments_produce_id, c.comments_stars, c.comments_date from comment as c,produce_sell as p,user as u where c.comments_user_id=u.user_id and c.comments_produce_id=p.produce_id and p.produce_id=? ORDER BY c.comments_user_id 
2019-10-28 00:56:48.164 DEBUG com.hzq.dragonshopping.mapper.ProduceMapper.selectProducCommentsUserByProducId Line:143 - ==> Parameters: 2(Integer)
2019-10-28 00:56:48.176 DEBUG com.hzq.dragonshopping.mapper.ProduceMapper.selectProducCommentsUserByProducId Line:143 - <==      Total: 2
2019-10-29 10:57:26.569 INFO  com.hzq.dragonshopping.DragonshoppingApplication Line:50  - Starting DragonshoppingApplication on DESKTOP-83UI59K with PID 5516 (D:\0BianChen\BianChen\dragonshopping\target\classes started by 胡志强 in D:\0BianChen\BianChen\dragonshopping)
2019-10-29 10:57:26.663 DEBUG com.hzq.dragonshopping.DragonshoppingApplication Line:53  - Running with Spring Boot v2.1.8.RELEASE, Spring v5.1.9.RELEASE
2019-10-29 10:57:26.663 INFO  com.hzq.dragonshopping.DragonshoppingApplication Line:648 - No active profile set, falling back to default profiles: default
2019-10-29 10:57:33.639 INFO  org.apache.catalina.core.StandardService Line:173 - Starting service [Tomcat]
2019-10-29 10:57:33.639 INFO  org.apache.catalina.core.StandardEngine Line:173 - Starting Servlet engine: [Apache Tomcat/9.0.24]
2019-10-29 10:57:33.827 INFO  org.apache.catalina.core.ContainerBase.[Tomcat].[localhost].[/] Line:173 - Initializing Spring embedded WebApplicationContext
2019-10-29 10:57:36.999 INFO  com.hzq.dragonshopping.DragonshoppingApplication Line:59  - Started DragonshoppingApplication in 14.731 seconds (JVM running for 22.306)
2019-10-29 10:57:44.349 INFO  org.apache.catalina.core.ContainerBase.[Tomcat].[localhost].[/] Line:173 - Initializing Spring DispatcherServlet 'dispatcherServlet'
2019-10-29 10:57:44.501 INFO  com.zaxxer.hikari.HikariDataSource Line:110 - HikariPool-1 - Starting...
2019-10-29 10:57:44.886 INFO  com.zaxxer.hikari.HikariDataSource Line:123 - HikariPool-1 - Start completed.
2019-10-29 10:57:44.910 DEBUG com.hzq.dragonshopping.mapper.ProduceMapper.selectHotCommodyByHot Line:143 - ==>  Preparing: SELECT * FROM produce_sell order by produce_hot desc limit 6 
2019-10-29 10:57:44.958 DEBUG com.hzq.dragonshopping.mapper.ProduceMapper.selectHotCommodyByHot Line:143 - ==> Parameters: 
2019-10-29 10:57:45.030 DEBUG com.hzq.dragonshopping.mapper.ProduceMapper.selectHotCommodyByHot Line:143 - <==      Total: 6
2019-10-29 10:57:45.034 DEBUG com.hzq.dragonshopping.mapper.ProduceCategoryMapper.selectProduceCategoryExample Line:143 - ==>  Preparing: SELECT * FROM produce_sell_category as T1 left join produce_sell as T2 on T1.sortnum = T2.produce_produce_sortnum ORDER BY T1.id asc 
2019-10-29 10:57:45.034 DEBUG com.hzq.dragonshopping.mapper.ProduceCategoryMapper.selectProduceCategoryExample Line:143 - ==> Parameters: 
2019-10-29 10:57:45.062 DEBUG com.hzq.dragonshopping.mapper.ProduceCategoryMapper.selectProduceCategoryExample Line:143 - <==      Total: 10
2019-10-29 10:57:45.062 INFO  com.hzq.dragonshopping.controller.IndexController Line:35  - 数据
2019-10-29 10:58:27.527 DEBUG com.hzq.dragonshopping.mapper.UserMapper.selectByUnamePwdType Line:143 - ==>  Preparing: select * from user WHERE user_name=? and user_password=? 
2019-10-29 10:58:27.528 DEBUG com.hzq.dragonshopping.mapper.UserMapper.selectByUnamePwdType Line:143 - ==> Parameters: musicman(String), password(String)
2019-10-29 10:58:27.533 DEBUG com.hzq.dragonshopping.mapper.UserMapper.selectByUnamePwdType Line:143 - <==      Total: 1
2019-10-29 10:58:27.697 DEBUG com.hzq.dragonshopping.mapper.ProduceMapper.selectHotCommodyByHot Line:143 - ==>  Preparing: SELECT * FROM produce_sell order by produce_hot desc limit 6 
2019-10-29 10:58:27.698 DEBUG com.hzq.dragonshopping.mapper.ProduceMapper.selectHotCommodyByHot Line:143 - ==> Parameters: 
2019-10-29 10:58:27.712 DEBUG com.hzq.dragonshopping.mapper.ProduceMapper.selectHotCommodyByHot Line:143 - <==      Total: 6
2019-10-29 10:58:27.713 DEBUG com.hzq.dragonshopping.mapper.ProduceCategoryMapper.selectProduceCategoryExample Line:143 - ==>  Preparing: SELECT * FROM produce_sell_category as T1 left join produce_sell as T2 on T1.sortnum = T2.produce_produce_sortnum ORDER BY T1.id asc 
2019-10-29 10:58:27.714 DEBUG com.hzq.dragonshopping.mapper.ProduceCategoryMapper.selectProduceCategoryExample Line:143 - ==> Parameters: 
2019-10-29 10:58:27.721 DEBUG com.hzq.dragonshopping.mapper.ProduceCategoryMapper.selectProduceCategoryExample Line:143 - <==      Total: 10
2019-10-29 10:58:27.724 INFO  com.hzq.dragonshopping.controller.IndexController Line:35  - 数据
2019-10-29 10:58:30.832 DEBUG com.hzq.dragonshopping.mapper.ShoppingCartMapper.selectAllShoppingCartByUid Line:143 - ==>  Preparing: SELECT * FROM `shopping_cart` as a,produce_sell as b where a.produce_id=b.produce_id and a.user_id=? 
2019-10-29 10:58:30.833 DEBUG com.hzq.dragonshopping.mapper.ShoppingCartMapper.selectAllShoppingCartByUid Line:143 - ==> Parameters: 2(Integer)
2019-10-29 10:58:30.847 DEBUG com.hzq.dragonshopping.mapper.ShoppingCartMapper.selectAllShoppingCartByUid Line:143 - <==      Total: 3
2019-10-29 10:58:30.848 DEBUG com.hzq.dragonshopping.mapper.ShoppingCartMapper.selectAllShoppingCartByUid Line:143 - ==>  Preparing: SELECT * FROM `shopping_cart` as a,produce_sell as b where a.produce_id=b.produce_id and a.user_id=? 
2019-10-29 10:58:30.849 DEBUG com.hzq.dragonshopping.mapper.ShoppingCartMapper.selectAllShoppingCartByUid Line:143 - ==> Parameters: 2(Integer)
2019-10-29 10:58:30.856 DEBUG com.hzq.dragonshopping.mapper.ShoppingCartMapper.selectAllShoppingCartByUid Line:143 - <==      Total: 3
2019-10-29 10:58:34.932 DEBUG com.hzq.dragonshopping.mapper.ProduceMapper.selectHotCommodyByHot Line:143 - ==>  Preparing: SELECT * FROM produce_sell order by produce_hot desc limit 6 
2019-10-29 10:58:34.934 DEBUG com.hzq.dragonshopping.mapper.ProduceMapper.selectHotCommodyByHot Line:143 - ==> Parameters: 
2019-10-29 10:58:34.940 DEBUG com.hzq.dragonshopping.mapper.ProduceMapper.selectHotCommodyByHot Line:143 - <==      Total: 6
2019-10-29 10:58:34.941 DEBUG com.hzq.dragonshopping.mapper.ProduceCategoryMapper.selectProduceCategoryExample Line:143 - ==>  Preparing: SELECT * FROM produce_sell_category as T1 left join produce_sell as T2 on T1.sortnum = T2.produce_produce_sortnum ORDER BY T1.id asc 
2019-10-29 10:58:34.942 DEBUG com.hzq.dragonshopping.mapper.ProduceCategoryMapper.selectProduceCategoryExample Line:143 - ==> Parameters: 
2019-10-29 10:58:34.947 DEBUG com.hzq.dragonshopping.mapper.ProduceCategoryMapper.selectProduceCategoryExample Line:143 - <==      Total: 10
2019-10-29 10:58:34.951 INFO  com.hzq.dragonshopping.controller.IndexController Line:35  - 数据
2019-10-29 10:58:46.965 DEBUG com.hzq.dragonshopping.mapper.ProduceCategoryMapper.selectProduceCategoryExampleById Line:143 - ==>  Preparing: SELECT * FROM produce_sell_category as T1 left join produce_sell as T2 on T1.sortnum = T2.produce_produce_sortnum where produce_id=? 
2019-10-29 10:58:46.966 DEBUG com.hzq.dragonshopping.mapper.ProduceCategoryMapper.selectProduceCategoryExampleById Line:143 - ==> Parameters: 2(Integer)
2019-10-29 10:58:46.968 DEBUG com.hzq.dragonshopping.mapper.ProduceCategoryMapper.selectProduceCategoryExampleById Line:143 - <==      Total: 1
2019-10-29 10:58:46.972 DEBUG com.hzq.dragonshopping.mapper.ProduceMapper.selectProducCommentsUserByProducId Line:143 - ==>  Preparing: SELECT p.produce_id, p.produce_name, p.produce_explain, p.produce_count, p.produce_price, p.produce_shop_price, p.produce_imgurl, p.produce_author, p.produce_sale_count, p.produce_hot, u.user_id, u.user_name, u.user_sex, u.user_headimgurl, c.comments_id, c.comments_centent, c.comments_user_id, c.comments_produce_id, c.comments_stars, c.comments_date from comment as c,produce_sell as p,user as u where c.comments_user_id=u.user_id and c.comments_produce_id=p.produce_id and p.produce_id=? ORDER BY c.comments_user_id 
2019-10-29 10:58:46.973 DEBUG com.hzq.dragonshopping.mapper.ProduceMapper.selectProducCommentsUserByProducId Line:143 - ==> Parameters: 2(Integer)
2019-10-29 10:58:46.983 DEBUG com.hzq.dragonshopping.mapper.ProduceMapper.selectProducCommentsUserByProducId Line:143 - <==      Total: 2
2019-10-29 10:58:50.659 DEBUG com.hzq.dragonshopping.mapper.ProduceMapper.selectHotCommodyByHot Line:143 - ==>  Preparing: SELECT * FROM produce_sell order by produce_hot desc limit 6 
2019-10-29 10:58:50.660 DEBUG com.hzq.dragonshopping.mapper.ProduceMapper.selectHotCommodyByHot Line:143 - ==> Parameters: 
2019-10-29 10:58:50.663 DEBUG com.hzq.dragonshopping.mapper.ProduceMapper.selectHotCommodyByHot Line:143 - <==      Total: 6
2019-10-29 10:58:50.664 DEBUG com.hzq.dragonshopping.mapper.ProduceCategoryMapper.selectProduceCategoryExample Line:143 - ==>  Preparing: SELECT * FROM produce_sell_category as T1 left join produce_sell as T2 on T1.sortnum = T2.produce_produce_sortnum ORDER BY T1.id asc 
2019-10-29 10:58:50.665 DEBUG com.hzq.dragonshopping.mapper.ProduceCategoryMapper.selectProduceCategoryExample Line:143 - ==> Parameters: 
2019-10-29 10:58:50.673 DEBUG com.hzq.dragonshopping.mapper.ProduceCategoryMapper.selectProduceCategoryExample Line:143 - <==      Total: 10
2019-10-29 10:58:50.676 INFO  com.hzq.dragonshopping.controller.IndexController Line:35  - 数据
2019-10-29 10:59:00.002 DEBUG com.hzq.dragonshopping.mapper.ProduceCategoryMapper.selectAllProduceByCategoryId Line:143 - ==>  Preparing: SELECT * FROM produce_sell_category as T1 left join produce_sell as T2 on T1.sortnum = T2.produce_produce_sortnum where id=? 
2019-10-29 10:59:00.003 DEBUG com.hzq.dragonshopping.mapper.ProduceCategoryMapper.selectAllProduceByCategoryId Line:143 - ==> Parameters: 1(Integer)
2019-10-29 10:59:00.007 DEBUG com.hzq.dragonshopping.mapper.ProduceCategoryMapper.selectAllProduceByCategoryId Line:143 - <==      Total: 4
2019-10-29 10:59:05.085 DEBUG com.hzq.dragonshopping.mapper.ProduceMapper.selectHotCommodyByHot Line:143 - ==>  Preparing: SELECT * FROM produce_sell order by produce_hot desc limit 6 
2019-10-29 10:59:05.086 DEBUG com.hzq.dragonshopping.mapper.ProduceMapper.selectHotCommodyByHot Line:143 - ==> Parameters: 
2019-10-29 10:59:05.089 DEBUG com.hzq.dragonshopping.mapper.ProduceMapper.selectHotCommodyByHot Line:143 - <==      Total: 6
2019-10-29 10:59:05.090 DEBUG com.hzq.dragonshopping.mapper.ProduceCategoryMapper.selectProduceCategoryExample Line:143 - ==>  Preparing: SELECT * FROM produce_sell_category as T1 left join produce_sell as T2 on T1.sortnum = T2.produce_produce_sortnum ORDER BY T1.id asc 
2019-10-29 10:59:05.090 DEBUG com.hzq.dragonshopping.mapper.ProduceCategoryMapper.selectProduceCategoryExample Line:143 - ==> Parameters: 
2019-10-29 10:59:05.095 DEBUG com.hzq.dragonshopping.mapper.ProduceCategoryMapper.selectProduceCategoryExample Line:143 - <==      Total: 10
2019-10-29 10:59:05.097 INFO  com.hzq.dragonshopping.controller.IndexController Line:35  - 数据
2019-10-29 10:59:09.029 DEBUG com.hzq.dragonshopping.mapper.ProduceCategoryMapper.selectAllProduceByCategoryId Line:143 - ==>  Preparing: SELECT * FROM produce_sell_category as T1 left join produce_sell as T2 on T1.sortnum = T2.produce_produce_sortnum where id=? 
2019-10-29 10:59:09.031 DEBUG com.hzq.dragonshopping.mapper.ProduceCategoryMapper.selectAllProduceByCategoryId Line:143 - ==> Parameters: 4(Integer)
2019-10-29 10:59:09.037 DEBUG com.hzq.dragonshopping.mapper.ProduceCategoryMapper.selectAllProduceByCategoryId Line:143 - <==      Total: 4
2019-10-29 10:59:10.223 DEBUG com.hzq.dragonshopping.mapper.ProduceMapper.selectHotCommodyByHot Line:143 - ==>  Preparing: SELECT * FROM produce_sell order by produce_hot desc limit 6 
2019-10-29 10:59:10.224 DEBUG com.hzq.dragonshopping.mapper.ProduceMapper.selectHotCommodyByHot Line:143 - ==> Parameters: 
2019-10-29 10:59:10.229 DEBUG com.hzq.dragonshopping.mapper.ProduceMapper.selectHotCommodyByHot Line:143 - <==      Total: 6
2019-10-29 10:59:10.229 DEBUG com.hzq.dragonshopping.mapper.ProduceCategoryMapper.selectProduceCategoryExample Line:143 - ==>  Preparing: SELECT * FROM produce_sell_category as T1 left join produce_sell as T2 on T1.sortnum = T2.produce_produce_sortnum ORDER BY T1.id asc 
2019-10-29 10:59:10.230 DEBUG com.hzq.dragonshopping.mapper.ProduceCategoryMapper.selectProduceCategoryExample Line:143 - ==> Parameters: 
2019-10-29 10:59:10.234 DEBUG com.hzq.dragonshopping.mapper.ProduceCategoryMapper.selectProduceCategoryExample Line:143 - <==      Total: 10
2019-10-29 10:59:10.235 INFO  com.hzq.dragonshopping.controller.IndexController Line:35  - 数据
2019-10-29 10:59:12.347 DEBUG com.hzq.dragonshopping.mapper.ProduceCategoryMapper.selectProduceCategoryExampleById Line:143 - ==>  Preparing: SELECT * FROM produce_sell_category as T1 left join produce_sell as T2 on T1.sortnum = T2.produce_produce_sortnum where produce_id=? 
2019-10-29 10:59:12.348 DEBUG com.hzq.dragonshopping.mapper.ProduceCategoryMapper.selectProduceCategoryExampleById Line:143 - ==> Parameters: 2(Integer)
2019-10-29 10:59:12.351 DEBUG com.hzq.dragonshopping.mapper.ProduceCategoryMapper.selectProduceCategoryExampleById Line:143 - <==      Total: 1
2019-10-29 10:59:12.354 DEBUG com.hzq.dragonshopping.mapper.ProduceMapper.selectProducCommentsUserByProducId Line:143 - ==>  Preparing: SELECT p.produce_id, p.produce_name, p.produce_explain, p.produce_count, p.produce_price, p.produce_shop_price, p.produce_imgurl, p.produce_author, p.produce_sale_count, p.produce_hot, u.user_id, u.user_name, u.user_sex, u.user_headimgurl, c.comments_id, c.comments_centent, c.comments_user_id, c.comments_produce_id, c.comments_stars, c.comments_date from comment as c,produce_sell as p,user as u where c.comments_user_id=u.user_id and c.comments_produce_id=p.produce_id and p.produce_id=? ORDER BY c.comments_user_id 
2019-10-29 10:59:12.354 DEBUG com.hzq.dragonshopping.mapper.ProduceMapper.selectProducCommentsUserByProducId Line:143 - ==> Parameters: 2(Integer)
2019-10-29 10:59:12.357 DEBUG com.hzq.dragonshopping.mapper.ProduceMapper.selectProducCommentsUserByProducId Line:143 - <==      Total: 2
2019-10-29 10:59:34.593 DEBUG com.hzq.dragonshopping.mapper.ProduceCommentMapper.insertComment Line:143 - ==>  Preparing: insert into comment VALUES ( NULL , ?, ?, ?, ?, DEFAULT ) 
2019-10-29 10:59:34.596 DEBUG com.hzq.dragonshopping.mapper.ProduceCommentMapper.insertComment Line:143 - ==> Parameters: 1111(String), 2(Integer), 2(Integer), 5(Integer)
2019-10-29 10:59:34.608 DEBUG com.hzq.dragonshopping.mapper.ProduceCommentMapper.insertComment Line:143 - <==    Updates: 1
2019-10-29 10:59:36.190 DEBUG com.hzq.dragonshopping.mapper.ProduceCategoryMapper.selectProduceCategoryExampleById Line:143 - ==>  Preparing: SELECT * FROM produce_sell_category as T1 left join produce_sell as T2 on T1.sortnum = T2.produce_produce_sortnum where produce_id=? 
2019-10-29 10:59:36.190 DEBUG com.hzq.dragonshopping.mapper.ProduceCategoryMapper.selectProduceCategoryExampleById Line:143 - ==> Parameters: 2(Integer)
2019-10-29 10:59:36.193 DEBUG com.hzq.dragonshopping.mapper.ProduceCategoryMapper.selectProduceCategoryExampleById Line:143 - <==      Total: 1
2019-10-29 10:59:36.195 DEBUG com.hzq.dragonshopping.mapper.ProduceMapper.selectProducCommentsUserByProducId Line:143 - ==>  Preparing: SELECT p.produce_id, p.produce_name, p.produce_explain, p.produce_count, p.produce_price, p.produce_shop_price, p.produce_imgurl, p.produce_author, p.produce_sale_count, p.produce_hot, u.user_id, u.user_name, u.user_sex, u.user_headimgurl, c.comments_id, c.comments_centent, c.comments_user_id, c.comments_produce_id, c.comments_stars, c.comments_date from comment as c,produce_sell as p,user as u where c.comments_user_id=u.user_id and c.comments_produce_id=p.produce_id and p.produce_id=? ORDER BY c.comments_user_id 
2019-10-29 10:59:36.196 DEBUG com.hzq.dragonshopping.mapper.ProduceMapper.selectProducCommentsUserByProducId Line:143 - ==> Parameters: 2(Integer)
2019-10-29 10:59:36.201 DEBUG com.hzq.dragonshopping.mapper.ProduceMapper.selectProducCommentsUserByProducId Line:143 - <==      Total: 3
2019-10-29 10:59:58.352 DEBUG com.hzq.dragonshopping.mapper.ProduceMapper.selectHotCommodyByHot Line:143 - ==>  Preparing: SELECT * FROM produce_sell order by produce_hot desc limit 6 
2019-10-29 10:59:58.353 DEBUG com.hzq.dragonshopping.mapper.ProduceMapper.selectHotCommodyByHot Line:143 - ==> Parameters: 
2019-10-29 10:59:58.355 DEBUG com.hzq.dragonshopping.mapper.ProduceMapper.selectHotCommodyByHot Line:143 - <==      Total: 6
2019-10-29 10:59:58.356 DEBUG com.hzq.dragonshopping.mapper.ProduceCategoryMapper.selectProduceCategoryExample Line:143 - ==>  Preparing: SELECT * FROM produce_sell_category as T1 left join produce_sell as T2 on T1.sortnum = T2.produce_produce_sortnum ORDER BY T1.id asc 
2019-10-29 10:59:58.356 DEBUG com.hzq.dragonshopping.mapper.ProduceCategoryMapper.selectProduceCategoryExample Line:143 - ==> Parameters: 
2019-10-29 10:59:58.359 DEBUG com.hzq.dragonshopping.mapper.ProduceCategoryMapper.selectProduceCategoryExample Line:143 - <==      Total: 10
2019-10-29 10:59:58.360 INFO  com.hzq.dragonshopping.controller.IndexController Line:35  - 数据
2019-10-29 10:59:59.292 DEBUG com.hzq.dragonshopping.mapper.ProduceCategoryMapper.selectProduceCategoryExampleById Line:143 - ==>  Preparing: SELECT * FROM produce_sell_category as T1 left join produce_sell as T2 on T1.sortnum = T2.produce_produce_sortnum where produce_id=? 
2019-10-29 10:59:59.293 DEBUG com.hzq.dragonshopping.mapper.ProduceCategoryMapper.selectProduceCategoryExampleById Line:143 - ==> Parameters: 3(Integer)
2019-10-29 10:59:59.294 DEBUG com.hzq.dragonshopping.mapper.ProduceCategoryMapper.selectProduceCategoryExampleById Line:143 - <==      Total: 1
2019-10-29 10:59:59.295 DEBUG com.hzq.dragonshopping.mapper.ProduceMapper.selectProducCommentsUserByProducId Line:143 - ==>  Preparing: SELECT p.produce_id, p.produce_name, p.produce_explain, p.produce_count, p.produce_price, p.produce_shop_price, p.produce_imgurl, p.produce_author, p.produce_sale_count, p.produce_hot, u.user_id, u.user_name, u.user_sex, u.user_headimgurl, c.comments_id, c.comments_centent, c.comments_user_id, c.comments_produce_id, c.comments_stars, c.comments_date from comment as c,produce_sell as p,user as u where c.comments_user_id=u.user_id and c.comments_produce_id=p.produce_id and p.produce_id=? ORDER BY c.comments_user_id 
2019-10-29 10:59:59.296 DEBUG com.hzq.dragonshopping.mapper.ProduceMapper.selectProducCommentsUserByProducId Line:143 - ==> Parameters: 3(Integer)
2019-10-29 10:59:59.301 DEBUG com.hzq.dragonshopping.mapper.ProduceMapper.selectProducCommentsUserByProducId Line:143 - <==      Total: 2
2019-10-29 11:00:14.545 DEBUG com.hzq.dragonshopping.mapper.UserMapper.selectByUnamePwdType Line:143 - ==>  Preparing: select * from user WHERE user_name=? and user_password=? 
2019-10-29 11:00:14.546 DEBUG com.hzq.dragonshopping.mapper.UserMapper.selectByUnamePwdType Line:143 - ==> Parameters: musicman(String), password(String)
2019-10-29 11:00:14.547 DEBUG com.hzq.dragonshopping.mapper.UserMapper.selectByUnamePwdType Line:143 - <==      Total: 1
2019-10-29 11:00:14.581 DEBUG com.hzq.dragonshopping.mapper.ProduceMapper.selectHotCommodyByHot Line:143 - ==>  Preparing: SELECT * FROM produce_sell order by produce_hot desc limit 6 
2019-10-29 11:00:14.582 DEBUG com.hzq.dragonshopping.mapper.ProduceMapper.selectHotCommodyByHot Line:143 - ==> Parameters: 
2019-10-29 11:00:14.586 DEBUG com.hzq.dragonshopping.mapper.ProduceMapper.selectHotCommodyByHot Line:143 - <==      Total: 6
2019-10-29 11:00:14.587 DEBUG com.hzq.dragonshopping.mapper.ProduceCategoryMapper.selectProduceCategoryExample Line:143 - ==>  Preparing: SELECT * FROM produce_sell_category as T1 left join produce_sell as T2 on T1.sortnum = T2.produce_produce_sortnum ORDER BY T1.id asc 
2019-10-29 11:00:14.588 DEBUG com.hzq.dragonshopping.mapper.ProduceCategoryMapper.selectProduceCategoryExample Line:143 - ==> Parameters: 
2019-10-29 11:00:14.613 DEBUG com.hzq.dragonshopping.mapper.ProduceCategoryMapper.selectProduceCategoryExample Line:143 - <==      Total: 10
2019-10-29 11:00:14.614 INFO  com.hzq.dragonshopping.controller.IndexController Line:35  - 数据
2019-10-29 11:00:16.153 DEBUG com.hzq.dragonshopping.mapper.ProduceCategoryMapper.selectProduceCategoryExampleById Line:143 - ==>  Preparing: SELECT * FROM produce_sell_category as T1 left join produce_sell as T2 on T1.sortnum = T2.produce_produce_sortnum where produce_id=? 
2019-10-29 11:00:16.155 DEBUG com.hzq.dragonshopping.mapper.ProduceCategoryMapper.selectProduceCategoryExampleById Line:143 - ==> Parameters: 2(Integer)
2019-10-29 11:00:16.159 DEBUG com.hzq.dragonshopping.mapper.ProduceCategoryMapper.selectProduceCategoryExampleById Line:143 - <==      Total: 1
2019-10-29 11:00:16.160 DEBUG com.hzq.dragonshopping.mapper.ProduceMapper.selectProducCommentsUserByProducId Line:143 - ==>  Preparing: SELECT p.produce_id, p.produce_name, p.produce_explain, p.produce_count, p.produce_price, p.produce_shop_price, p.produce_imgurl, p.produce_author, p.produce_sale_count, p.produce_hot, u.user_id, u.user_name, u.user_sex, u.user_headimgurl, c.comments_id, c.comments_centent, c.comments_user_id, c.comments_produce_id, c.comments_stars, c.comments_date from comment as c,produce_sell as p,user as u where c.comments_user_id=u.user_id and c.comments_produce_id=p.produce_id and p.produce_id=? ORDER BY c.comments_user_id 
2019-10-29 11:00:16.161 DEBUG com.hzq.dragonshopping.mapper.ProduceMapper.selectProducCommentsUserByProducId Line:143 - ==> Parameters: 2(Integer)
2019-10-29 11:00:16.170 DEBUG com.hzq.dragonshopping.mapper.ProduceMapper.selectProducCommentsUserByProducId Line:143 - <==      Total: 3
2019-10-29 11:00:26.855 DEBUG com.hzq.dragonshopping.mapper.ProduceMapper.selectProduceCount Line:143 - ==>  Preparing: SELECT produce_id,produce_count FROM produce_sell where produce_count>=? and produce_id=? 
2019-10-29 11:00:26.857 DEBUG com.hzq.dragonshopping.mapper.ProduceMapper.selectProduceCount Line:143 - ==> Parameters: 1(Integer), 2(Integer)
2019-10-29 11:00:26.858 DEBUG com.hzq.dragonshopping.mapper.ProduceMapper.selectProduceCount Line:143 - <==      Total: 1
2019-10-29 11:00:26.861 DEBUG com.hzq.dragonshopping.mapper.ShoppingCartMapper.selectShoppingCartProduceCountByUidAndPid Line:143 - ==>  Preparing: select user_id,produce_id, cart_produce_count from shopping_cart where user_id=? and produce_id=? 
2019-10-29 11:00:26.862 DEBUG com.hzq.dragonshopping.mapper.ShoppingCartMapper.selectShoppingCartProduceCountByUidAndPid Line:143 - ==> Parameters: 2(Integer), 2(Integer)
2019-10-29 11:00:26.864 DEBUG com.hzq.dragonshopping.mapper.ShoppingCartMapper.selectShoppingCartProduceCountByUidAndPid Line:143 - <==      Total: 1
2019-10-29 11:00:26.865 DEBUG com.hzq.dragonshopping.mapper.ShoppingCartMapper.updateShoppingCartProduceCount Line:143 - ==>  Preparing: UPDATE shopping_cart SET cart_produce_count = ? WHERE produce_id=? and user_id=? 
2019-10-29 11:00:26.866 DEBUG com.hzq.dragonshopping.mapper.ShoppingCartMapper.updateShoppingCartProduceCount Line:143 - ==> Parameters: 2(Integer), 2(Integer), 2(Integer)
2019-10-29 11:00:26.875 DEBUG com.hzq.dragonshopping.mapper.ShoppingCartMapper.updateShoppingCartProduceCount Line:143 - <==    Updates: 1
2019-10-29 11:00:26.876 DEBUG com.hzq.dragonshopping.mapper.ProduceMapper.selectProduceCountByPid Line:143 - ==>  Preparing: SELECT produce_id,produce_count FROM produce_sell where produce_id=? 
2019-10-29 11:00:26.876 DEBUG com.hzq.dragonshopping.mapper.ProduceMapper.selectProduceCountByPid Line:143 - ==> Parameters: 2(Integer)
2019-10-29 11:00:26.878 DEBUG com.hzq.dragonshopping.mapper.ProduceMapper.selectProduceCountByPid Line:143 - <==      Total: 1
2019-10-29 11:00:26.879 DEBUG com.hzq.dragonshopping.mapper.ProduceMapper.updateProduceProduce_count Line:143 - ==>  Preparing: UPDATE produce_sell SET produce_count = ? WHERE produce_id= ? 
2019-10-29 11:00:26.880 DEBUG com.hzq.dragonshopping.mapper.ProduceMapper.updateProduceProduce_count Line:143 - ==> Parameters: 15(Integer), 2(Integer)
2019-10-29 11:00:26.883 DEBUG com.hzq.dragonshopping.mapper.ProduceMapper.updateProduceProduce_count Line:143 - <==    Updates: 1
2019-10-29 11:01:06.772 DEBUG com.hzq.dragonshopping.mapper.ProduceMapper.selectHotCommodyByHot Line:143 - ==>  Preparing: SELECT * FROM produce_sell order by produce_hot desc limit 6 
2019-10-29 11:01:06.773 DEBUG com.hzq.dragonshopping.mapper.ProduceMapper.selectHotCommodyByHot Line:143 - ==> Parameters: 
2019-10-29 11:01:06.775 DEBUG com.hzq.dragonshopping.mapper.ProduceMapper.selectHotCommodyByHot Line:143 - <==      Total: 6
2019-10-29 11:01:06.776 DEBUG com.hzq.dragonshopping.mapper.ProduceCategoryMapper.selectProduceCategoryExample Line:143 - ==>  Preparing: SELECT * FROM produce_sell_category as T1 left join produce_sell as T2 on T1.sortnum = T2.produce_produce_sortnum ORDER BY T1.id asc 
2019-10-29 11:01:06.777 DEBUG com.hzq.dragonshopping.mapper.ProduceCategoryMapper.selectProduceCategoryExample Line:143 - ==> Parameters: 
2019-10-29 11:01:06.779 DEBUG com.hzq.dragonshopping.mapper.ProduceCategoryMapper.selectProduceCategoryExample Line:143 - <==      Total: 10
2019-10-29 11:01:06.780 INFO  com.hzq.dragonshopping.controller.IndexController Line:35  - 数据
2019-10-29 11:01:09.527 DEBUG com.hzq.dragonshopping.mapper.ProduceCategoryMapper.selectProduceCategoryExampleById Line:143 - ==>  Preparing: SELECT * FROM produce_sell_category as T1 left join produce_sell as T2 on T1.sortnum = T2.produce_produce_sortnum where produce_id=? 
2019-10-29 11:01:09.528 DEBUG com.hzq.dragonshopping.mapper.ProduceCategoryMapper.selectProduceCategoryExampleById Line:143 - ==> Parameters: 1(Integer)
2019-10-29 11:01:09.530 DEBUG com.hzq.dragonshopping.mapper.ProduceCategoryMapper.selectProduceCategoryExampleById Line:143 - <==      Total: 1
2019-10-29 11:01:09.533 DEBUG com.hzq.dragonshopping.mapper.ProduceMapper.selectProducCommentsUserByProducId Line:143 - ==>  Preparing: SELECT p.produce_id, p.produce_name, p.produce_explain, p.produce_count, p.produce_price, p.produce_shop_price, p.produce_imgurl, p.produce_author, p.produce_sale_count, p.produce_hot, u.user_id, u.user_name, u.user_sex, u.user_headimgurl, c.comments_id, c.comments_centent, c.comments_user_id, c.comments_produce_id, c.comments_stars, c.comments_date from comment as c,produce_sell as p,user as u where c.comments_user_id=u.user_id and c.comments_produce_id=p.produce_id and p.produce_id=? ORDER BY c.comments_user_id 
2019-10-29 11:01:09.534 DEBUG com.hzq.dragonshopping.mapper.ProduceMapper.selectProducCommentsUserByProducId Line:143 - ==> Parameters: 1(Integer)
2019-10-29 11:01:09.537 DEBUG com.hzq.dragonshopping.mapper.ProduceMapper.selectProducCommentsUserByProducId Line:143 - <==      Total: 3
2019-10-29 11:01:25.786 DEBUG com.hzq.dragonshopping.mapper.ProduceCategoryMapper.selectProduceCategoryExampleById Line:143 - ==>  Preparing: SELECT * FROM produce_sell_category as T1 left join produce_sell as T2 on T1.sortnum = T2.produce_produce_sortnum where produce_id=? 
2019-10-29 11:01:25.787 DEBUG com.hzq.dragonshopping.mapper.ProduceCategoryMapper.selectProduceCategoryExampleById Line:143 - ==> Parameters: 1(Integer)
2019-10-29 11:01:25.788 DEBUG com.hzq.dragonshopping.mapper.ProduceCategoryMapper.selectProduceCategoryExampleById Line:143 - <==      Total: 1
2019-10-29 11:01:25.789 DEBUG com.hzq.dragonshopping.mapper.ProduceMapper.selectProducCommentsUserByProducId Line:143 - ==>  Preparing: SELECT p.produce_id, p.produce_name, p.produce_explain, p.produce_count, p.produce_price, p.produce_shop_price, p.produce_imgurl, p.produce_author, p.produce_sale_count, p.produce_hot, u.user_id, u.user_name, u.user_sex, u.user_headimgurl, c.comments_id, c.comments_centent, c.comments_user_id, c.comments_produce_id, c.comments_stars, c.comments_date from comment as c,produce_sell as p,user as u where c.comments_user_id=u.user_id and c.comments_produce_id=p.produce_id and p.produce_id=? ORDER BY c.comments_user_id 
2019-10-29 11:01:25.789 DEBUG com.hzq.dragonshopping.mapper.ProduceMapper.selectProducCommentsUserByProducId Line:143 - ==> Parameters: 1(Integer)
2019-10-29 11:01:25.792 DEBUG com.hzq.dragonshopping.mapper.ProduceMapper.selectProducCommentsUserByProducId Line:143 - <==      Total: 3
2019-10-29 11:01:27.130 DEBUG com.hzq.dragonshopping.mapper.ProduceMapper.selectProduceCount Line:143 - ==>  Preparing: SELECT produce_id,produce_count FROM produce_sell where produce_count>=? and produce_id=? 
2019-10-29 11:01:27.131 DEBUG com.hzq.dragonshopping.mapper.ProduceMapper.selectProduceCount Line:143 - ==> Parameters: 1(Integer), 1(Integer)
2019-10-29 11:01:27.133 DEBUG com.hzq.dragonshopping.mapper.ProduceMapper.selectProduceCount Line:143 - <==      Total: 0
2019-10-29 11:01:36.082 DEBUG com.hzq.dragonshopping.mapper.ProduceMapper.selectProduceCount Line:143 - ==>  Preparing: SELECT produce_id,produce_count FROM produce_sell where produce_count>=? and produce_id=? 
2019-10-29 11:01:36.082 DEBUG com.hzq.dragonshopping.mapper.ProduceMapper.selectProduceCount Line:143 - ==> Parameters: 1(Integer), 1(Integer)
2019-10-29 11:01:36.084 DEBUG com.hzq.dragonshopping.mapper.ProduceMapper.selectProduceCount Line:143 - <==      Total: 1
2019-10-29 11:01:36.086 DEBUG com.hzq.dragonshopping.mapper.ShoppingCartMapper.selectShoppingCartProduceCountByUidAndPid Line:143 - ==>  Preparing: select user_id,produce_id, cart_produce_count from shopping_cart where user_id=? and produce_id=? 
2019-10-29 11:01:36.087 DEBUG com.hzq.dragonshopping.mapper.ShoppingCartMapper.selectShoppingCartProduceCountByUidAndPid Line:143 - ==> Parameters: 2(Integer), 1(Integer)
2019-10-29 11:01:36.089 DEBUG com.hzq.dragonshopping.mapper.ShoppingCartMapper.selectShoppingCartProduceCountByUidAndPid Line:143 - <==      Total: 1
2019-10-29 11:01:36.090 DEBUG com.hzq.dragonshopping.mapper.ShoppingCartMapper.updateShoppingCartProduceCount Line:143 - ==>  Preparing: UPDATE shopping_cart SET cart_produce_count = ? WHERE produce_id=? and user_id=? 
2019-10-29 11:01:36.091 DEBUG com.hzq.dragonshopping.mapper.ShoppingCartMapper.updateShoppingCartProduceCount Line:143 - ==> Parameters: 3(Integer), 1(Integer), 2(Integer)
2019-10-29 11:01:36.094 DEBUG com.hzq.dragonshopping.mapper.ShoppingCartMapper.updateShoppingCartProduceCount Line:143 - <==    Updates: 1
2019-10-29 11:01:36.096 DEBUG com.hzq.dragonshopping.mapper.ProduceMapper.selectProduceCountByPid Line:143 - ==>  Preparing: SELECT produce_id,produce_count FROM produce_sell where produce_id=? 
2019-10-29 11:01:36.097 DEBUG com.hzq.dragonshopping.mapper.ProduceMapper.selectProduceCountByPid Line:143 - ==> Parameters: 1(Integer)
2019-10-29 11:01:36.099 DEBUG com.hzq.dragonshopping.mapper.ProduceMapper.selectProduceCountByPid Line:143 - <==      Total: 1
2019-10-29 11:01:36.100 DEBUG com.hzq.dragonshopping.mapper.ProduceMapper.updateProduceProduce_count Line:143 - ==>  Preparing: UPDATE produce_sell SET produce_count = ? WHERE produce_id= ? 
2019-10-29 11:01:36.101 DEBUG com.hzq.dragonshopping.mapper.ProduceMapper.updateProduceProduce_count Line:143 - ==> Parameters: 1(Integer), 1(Integer)
2019-10-29 11:01:36.105 DEBUG com.hzq.dragonshopping.mapper.ProduceMapper.updateProduceProduce_count Line:143 - <==    Updates: 1
2019-10-29 11:02:14.638 DEBUG com.hzq.dragonshopping.mapper.ShoppingCartMapper.selectAllShoppingCartByUid Line:143 - ==>  Preparing: SELECT * FROM `shopping_cart` as a,produce_sell as b where a.produce_id=b.produce_id and a.user_id=? 
2019-10-29 11:02:14.639 DEBUG com.hzq.dragonshopping.mapper.ShoppingCartMapper.selectAllShoppingCartByUid Line:143 - ==> Parameters: 2(Integer)
2019-10-29 11:02:14.642 DEBUG com.hzq.dragonshopping.mapper.ShoppingCartMapper.selectAllShoppingCartByUid Line:143 - <==      Total: 3
2019-10-29 11:02:14.644 DEBUG com.hzq.dragonshopping.mapper.ShoppingCartMapper.selectAllShoppingCartByUid Line:143 - ==>  Preparing: SELECT * FROM `shopping_cart` as a,produce_sell as b where a.produce_id=b.produce_id and a.user_id=? 
2019-10-29 11:02:14.645 DEBUG com.hzq.dragonshopping.mapper.ShoppingCartMapper.selectAllShoppingCartByUid Line:143 - ==> Parameters: 2(Integer)
2019-10-29 11:02:14.649 DEBUG com.hzq.dragonshopping.mapper.ShoppingCartMapper.selectAllShoppingCartByUid Line:143 - <==      Total: 3
2019-10-29 11:02:19.956 DEBUG com.hzq.dragonshopping.mapper.ProduceMapper.selectHotCommodyByHot Line:143 - ==>  Preparing: SELECT * FROM produce_sell order by produce_hot desc limit 6 
2019-10-29 11:02:19.957 DEBUG com.hzq.dragonshopping.mapper.ProduceMapper.selectHotCommodyByHot Line:143 - ==> Parameters: 
2019-10-29 11:02:19.963 DEBUG com.hzq.dragonshopping.mapper.ProduceMapper.selectHotCommodyByHot Line:143 - <==      Total: 6
2019-10-29 11:02:19.964 DEBUG com.hzq.dragonshopping.mapper.ProduceCategoryMapper.selectProduceCategoryExample Line:143 - ==>  Preparing: SELECT * FROM produce_sell_category as T1 left join produce_sell as T2 on T1.sortnum = T2.produce_produce_sortnum ORDER BY T1.id asc 
2019-10-29 11:02:19.964 DEBUG com.hzq.dragonshopping.mapper.ProduceCategoryMapper.selectProduceCategoryExample Line:143 - ==> Parameters: 
2019-10-29 11:02:19.969 DEBUG com.hzq.dragonshopping.mapper.ProduceCategoryMapper.selectProduceCategoryExample Line:143 - <==      Total: 10
2019-10-29 11:02:19.970 INFO  com.hzq.dragonshopping.controller.IndexController Line:35  - 数据
2019-10-29 11:02:37.695 DEBUG com.hzq.dragonshopping.mapper.ProduceMapper.selectHotCommodyByHot Line:143 - ==>  Preparing: SELECT * FROM produce_sell order by produce_hot desc limit 6 
2019-10-29 11:02:37.696 DEBUG com.hzq.dragonshopping.mapper.ProduceMapper.selectHotCommodyByHot Line:143 - ==> Parameters: 
2019-10-29 11:02:37.702 DEBUG com.hzq.dragonshopping.mapper.ProduceMapper.selectHotCommodyByHot Line:143 - <==      Total: 6
2019-10-29 11:02:37.703 DEBUG com.hzq.dragonshopping.mapper.ProduceCategoryMapper.selectProduceCategoryExample Line:143 - ==>  Preparing: SELECT * FROM produce_sell_category as T1 left join produce_sell as T2 on T1.sortnum = T2.produce_produce_sortnum ORDER BY T1.id asc 
2019-10-29 11:02:37.703 DEBUG com.hzq.dragonshopping.mapper.ProduceCategoryMapper.selectProduceCategoryExample Line:143 - ==> Parameters: 
2019-10-29 11:02:37.706 DEBUG com.hzq.dragonshopping.mapper.ProduceCategoryMapper.selectProduceCategoryExample Line:143 - <==      Total: 10
2019-10-29 11:02:37.707 INFO  com.hzq.dragonshopping.controller.IndexController Line:35  - 数据
2019-10-29 11:02:42.518 DEBUG com.hzq.dragonshopping.mapper.ShoppingCartMapper.selectAllShoppingCartByUid Line:143 - ==>  Preparing: SELECT * FROM `shopping_cart` as a,produce_sell as b where a.produce_id=b.produce_id and a.user_id=? 
2019-10-29 11:02:42.519 DEBUG com.hzq.dragonshopping.mapper.ShoppingCartMapper.selectAllShoppingCartByUid Line:143 - ==> Parameters: 2(Integer)
2019-10-29 11:02:42.522 DEBUG com.hzq.dragonshopping.mapper.ShoppingCartMapper.selectAllShoppingCartByUid Line:143 - <==      Total: 3
2019-10-29 11:02:42.523 DEBUG com.hzq.dragonshopping.mapper.ShoppingCartMapper.selectAllShoppingCartByUid Line:143 - ==>  Preparing: SELECT * FROM `shopping_cart` as a,produce_sell as b where a.produce_id=b.produce_id and a.user_id=? 
2019-10-29 11:02:42.524 DEBUG com.hzq.dragonshopping.mapper.ShoppingCartMapper.selectAllShoppingCartByUid Line:143 - ==> Parameters: 2(Integer)
2019-10-29 11:02:42.530 DEBUG com.hzq.dragonshopping.mapper.ShoppingCartMapper.selectAllShoppingCartByUid Line:143 - <==      Total: 3
2019-10-29 11:02:47.415 DEBUG com.hzq.dragonshopping.mapper.ProduceMapper.selectHotCommodyByHot Line:143 - ==>  Preparing: SELECT * FROM produce_sell order by produce_hot desc limit 6 
2019-10-29 11:02:47.417 DEBUG com.hzq.dragonshopping.mapper.ProduceMapper.selectHotCommodyByHot Line:143 - ==> Parameters: 
2019-10-29 11:02:47.421 DEBUG com.hzq.dragonshopping.mapper.ProduceMapper.selectHotCommodyByHot Line:143 - <==      Total: 6
2019-10-29 11:02:47.422 DEBUG com.hzq.dragonshopping.mapper.ProduceCategoryMapper.selectProduceCategoryExample Line:143 - ==>  Preparing: SELECT * FROM produce_sell_category as T1 left join produce_sell as T2 on T1.sortnum = T2.produce_produce_sortnum ORDER BY T1.id asc 
2019-10-29 11:02:47.422 DEBUG com.hzq.dragonshopping.mapper.ProduceCategoryMapper.selectProduceCategoryExample Line:143 - ==> Parameters: 
2019-10-29 11:02:47.424 DEBUG com.hzq.dragonshopping.mapper.ProduceCategoryMapper.selectProduceCategoryExample Line:143 - <==      Total: 10
2019-10-29 11:02:47.425 INFO  com.hzq.dragonshopping.controller.IndexController Line:35  - 数据
2019-10-29 11:09:32.466 DEBUG com.hzq.dragonshopping.mapper.ShoppingCartMapper.selectAllShoppingCartByUid Line:143 - ==>  Preparing: SELECT * FROM `shopping_cart` as a,produce_sell as b where a.produce_id=b.produce_id and a.user_id=? 
2019-10-29 11:09:32.468 DEBUG com.hzq.dragonshopping.mapper.ShoppingCartMapper.selectAllShoppingCartByUid Line:143 - ==> Parameters: 2(Integer)
2019-10-29 11:09:32.472 DEBUG com.hzq.dragonshopping.mapper.ShoppingCartMapper.selectAllShoppingCartByUid Line:143 - <==      Total: 3
2019-10-29 11:09:32.473 DEBUG com.hzq.dragonshopping.mapper.ShoppingCartMapper.selectAllShoppingCartByUid Line:143 - ==>  Preparing: SELECT * FROM `shopping_cart` as a,produce_sell as b where a.produce_id=b.produce_id and a.user_id=? 
2019-10-29 11:09:32.474 DEBUG com.hzq.dragonshopping.mapper.ShoppingCartMapper.selectAllShoppingCartByUid Line:143 - ==> Parameters: 2(Integer)
2019-10-29 11:09:32.477 DEBUG com.hzq.dragonshopping.mapper.ShoppingCartMapper.selectAllShoppingCartByUid Line:143 - <==      Total: 3
2019-10-29 11:09:42.707 DEBUG com.hzq.dragonshopping.mapper.ProduceMapper.selectHotCommodyByHot Line:143 - ==>  Preparing: SELECT * FROM produce_sell order by produce_hot desc limit 6 
2019-10-29 11:09:42.708 DEBUG com.hzq.dragonshopping.mapper.ProduceMapper.selectHotCommodyByHot Line:143 - ==> Parameters: 
2019-10-29 11:09:42.712 DEBUG com.hzq.dragonshopping.mapper.ProduceMapper.selectHotCommodyByHot Line:143 - <==      Total: 6
2019-10-29 11:09:42.713 DEBUG com.hzq.dragonshopping.mapper.ProduceCategoryMapper.selectProduceCategoryExample Line:143 - ==>  Preparing: SELECT * FROM produce_sell_category as T1 left join produce_sell as T2 on T1.sortnum = T2.produce_produce_sortnum ORDER BY T1.id asc 
2019-10-29 11:09:42.714 DEBUG com.hzq.dragonshopping.mapper.ProduceCategoryMapper.selectProduceCategoryExample Line:143 - ==> Parameters: 
2019-10-29 11:09:42.717 DEBUG com.hzq.dragonshopping.mapper.ProduceCategoryMapper.selectProduceCategoryExample Line:143 - <==      Total: 10
2019-10-29 11:09:42.718 INFO  com.hzq.dragonshopping.controller.IndexController Line:35  - 数据
2019-10-29 11:09:43.973 DEBUG com.hzq.dragonshopping.mapper.ShoppingCartMapper.selectAllShoppingCartByUid Line:143 - ==>  Preparing: SELECT * FROM `shopping_cart` as a,produce_sell as b where a.produce_id=b.produce_id and a.user_id=? 
2019-10-29 11:09:43.974 DEBUG com.hzq.dragonshopping.mapper.ShoppingCartMapper.selectAllShoppingCartByUid Line:143 - ==> Parameters: 2(Integer)
2019-10-29 11:09:43.976 DEBUG com.hzq.dragonshopping.mapper.ShoppingCartMapper.selectAllShoppingCartByUid Line:143 - <==      Total: 3
2019-10-29 11:09:43.978 DEBUG com.hzq.dragonshopping.mapper.ShoppingCartMapper.selectAllShoppingCartByUid Line:143 - ==>  Preparing: SELECT * FROM `shopping_cart` as a,produce_sell as b where a.produce_id=b.produce_id and a.user_id=? 
2019-10-29 11:09:43.979 DEBUG com.hzq.dragonshopping.mapper.ShoppingCartMapper.selectAllShoppingCartByUid Line:143 - ==> Parameters: 2(Integer)
2019-10-29 11:09:43.990 DEBUG com.hzq.dragonshopping.mapper.ShoppingCartMapper.selectAllShoppingCartByUid Line:143 - <==      Total: 3
2019-10-29 11:09:44.908 DEBUG com.hzq.dragonshopping.mapper.ProduceMapper.selectHotCommodyByHot Line:143 - ==>  Preparing: SELECT * FROM produce_sell order by produce_hot desc limit 6 
2019-10-29 11:09:44.908 DEBUG com.hzq.dragonshopping.mapper.ProduceMapper.selectHotCommodyByHot Line:143 - ==> Parameters: 
2019-10-29 11:09:44.911 DEBUG com.hzq.dragonshopping.mapper.ProduceMapper.selectHotCommodyByHot Line:143 - <==      Total: 6
2019-10-29 11:09:44.912 DEBUG com.hzq.dragonshopping.mapper.ProduceCategoryMapper.selectProduceCategoryExample Line:143 - ==>  Preparing: SELECT * FROM produce_sell_category as T1 left join produce_sell as T2 on T1.sortnum = T2.produce_produce_sortnum ORDER BY T1.id asc 
2019-10-29 11:09:44.913 DEBUG com.hzq.dragonshopping.mapper.ProduceCategoryMapper.selectProduceCategoryExample Line:143 - ==> Parameters: 
2019-10-29 11:09:44.916 DEBUG com.hzq.dragonshopping.mapper.ProduceCategoryMapper.selectProduceCategoryExample Line:143 - <==      Total: 10
2019-10-29 11:09:44.917 INFO  com.hzq.dragonshopping.controller.IndexController Line:35  - 数据
2019-10-29 11:09:46.944 DEBUG com.hzq.dragonshopping.mapper.ProduceMapper.selectHotCommodyByHot Line:143 - ==>  Preparing: SELECT * FROM produce_sell order by produce_hot desc limit 6 
2019-10-29 11:09:46.945 DEBUG com.hzq.dragonshopping.mapper.ProduceMapper.selectHotCommodyByHot Line:143 - ==> Parameters: 
2019-10-29 11:09:46.947 DEBUG com.hzq.dragonshopping.mapper.ProduceMapper.selectHotCommodyByHot Line:143 - <==      Total: 6
2019-10-29 11:09:46.947 DEBUG com.hzq.dragonshopping.mapper.ProduceCategoryMapper.selectProduceCategoryExample Line:143 - ==>  Preparing: SELECT * FROM produce_sell_category as T1 left join produce_sell as T2 on T1.sortnum = T2.produce_produce_sortnum ORDER BY T1.id asc 
2019-10-29 11:09:46.948 DEBUG com.hzq.dragonshopping.mapper.ProduceCategoryMapper.selectProduceCategoryExample Line:143 - ==> Parameters: 
2019-10-29 11:09:46.950 DEBUG com.hzq.dragonshopping.mapper.ProduceCategoryMapper.selectProduceCategoryExample Line:143 - <==      Total: 10
2019-10-29 11:09:46.951 INFO  com.hzq.dragonshopping.controller.IndexController Line:35  - 数据
2019-10-29 11:09:49.398 DEBUG com.hzq.dragonshopping.mapper.ProduceCategoryMapper.selectProduceCategoryExampleById Line:143 - ==>  Preparing: SELECT * FROM produce_sell_category as T1 left join produce_sell as T2 on T1.sortnum = T2.produce_produce_sortnum where produce_id=? 
2019-10-29 11:09:49.399 DEBUG com.hzq.dragonshopping.mapper.ProduceCategoryMapper.selectProduceCategoryExampleById Line:143 - ==> Parameters: 6(Integer)
2019-10-29 11:09:49.402 DEBUG com.hzq.dragonshopping.mapper.ProduceCategoryMapper.selectProduceCategoryExampleById Line:143 - <==      Total: 1
2019-10-29 11:09:49.403 DEBUG com.hzq.dragonshopping.mapper.ProduceMapper.selectProducCommentsUserByProducId Line:143 - ==>  Preparing: SELECT p.produce_id, p.produce_name, p.produce_explain, p.produce_count, p.produce_price, p.produce_shop_price, p.produce_imgurl, p.produce_author, p.produce_sale_count, p.produce_hot, u.user_id, u.user_name, u.user_sex, u.user_headimgurl, c.comments_id, c.comments_centent, c.comments_user_id, c.comments_produce_id, c.comments_stars, c.comments_date from comment as c,produce_sell as p,user as u where c.comments_user_id=u.user_id and c.comments_produce_id=p.produce_id and p.produce_id=? ORDER BY c.comments_user_id 
2019-10-29 11:09:49.404 DEBUG com.hzq.dragonshopping.mapper.ProduceMapper.selectProducCommentsUserByProducId Line:143 - ==> Parameters: 6(Integer)
2019-10-29 11:09:49.408 DEBUG com.hzq.dragonshopping.mapper.ProduceMapper.selectProducCommentsUserByProducId Line:143 - <==      Total: 7
2019-10-29 11:09:52.380 DEBUG com.hzq.dragonshopping.mapper.ProduceMapper.selectHotCommodyByHot Line:143 - ==>  Preparing: SELECT * FROM produce_sell order by produce_hot desc limit 6 
2019-10-29 11:09:52.381 DEBUG com.hzq.dragonshopping.mapper.ProduceMapper.selectHotCommodyByHot Line:143 - ==> Parameters: 
2019-10-29 11:09:52.386 DEBUG com.hzq.dragonshopping.mapper.ProduceMapper.selectHotCommodyByHot Line:143 - <==      Total: 6
2019-10-29 11:09:52.387 DEBUG com.hzq.dragonshopping.mapper.ProduceCategoryMapper.selectProduceCategoryExample Line:143 - ==>  Preparing: SELECT * FROM produce_sell_category as T1 left join produce_sell as T2 on T1.sortnum = T2.produce_produce_sortnum ORDER BY T1.id asc 
2019-10-29 11:09:52.387 DEBUG com.hzq.dragonshopping.mapper.ProduceCategoryMapper.selectProduceCategoryExample Line:143 - ==> Parameters: 
2019-10-29 11:09:52.389 DEBUG com.hzq.dragonshopping.mapper.ProduceCategoryMapper.selectProduceCategoryExample Line:143 - <==      Total: 10
2019-10-29 11:09:52.390 INFO  com.hzq.dragonshopping.controller.IndexController Line:35  - 数据
2019-10-29 11:17:21.498 DEBUG com.hzq.dragonshopping.mapper.ProduceMapper.selectHotCommodyByHot Line:143 - ==>  Preparing: SELECT * FROM produce_sell order by produce_hot desc limit 6 
2019-10-29 11:17:21.498 DEBUG com.hzq.dragonshopping.mapper.ProduceMapper.selectHotCommodyByHot Line:143 - ==> Parameters: 
2019-10-29 11:17:21.500 DEBUG com.hzq.dragonshopping.mapper.ProduceMapper.selectHotCommodyByHot Line:143 - <==      Total: 6
2019-10-29 11:17:21.501 DEBUG com.hzq.dragonshopping.mapper.ProduceCategoryMapper.selectProduceCategoryExample Line:143 - ==>  Preparing: SELECT * FROM produce_sell_category as T1 left join produce_sell as T2 on T1.sortnum = T2.produce_produce_sortnum ORDER BY T1.id asc 
2019-10-29 11:17:21.501 DEBUG com.hzq.dragonshopping.mapper.ProduceCategoryMapper.selectProduceCategoryExample Line:143 - ==> Parameters: 
2019-10-29 11:17:21.505 DEBUG com.hzq.dragonshopping.mapper.ProduceCategoryMapper.selectProduceCategoryExample Line:143 - <==      Total: 10
2019-10-29 11:17:21.505 INFO  com.hzq.dragonshopping.controller.IndexController Line:35  - 数据
2019-10-29 11:17:44.061 DEBUG com.hzq.dragonshopping.mapper.UserMapper.selectByUnamePwdType Line:143 - ==>  Preparing: select * from user WHERE user_name=? and user_password=? 
2019-10-29 11:17:44.062 DEBUG com.hzq.dragonshopping.mapper.UserMapper.selectByUnamePwdType Line:143 - ==> Parameters: musicman(String), password(String)
2019-10-29 11:17:44.064 DEBUG com.hzq.dragonshopping.mapper.UserMapper.selectByUnamePwdType Line:143 - <==      Total: 1
2019-10-29 11:17:44.100 DEBUG com.hzq.dragonshopping.mapper.ProduceMapper.selectHotCommodyByHot Line:143 - ==>  Preparing: SELECT * FROM produce_sell order by produce_hot desc limit 6 
2019-10-29 11:17:44.101 DEBUG com.hzq.dragonshopping.mapper.ProduceMapper.selectHotCommodyByHot Line:143 - ==> Parameters: 
2019-10-29 11:17:44.103 DEBUG com.hzq.dragonshopping.mapper.ProduceMapper.selectHotCommodyByHot Line:143 - <==      Total: 6
2019-10-29 11:17:44.105 DEBUG com.hzq.dragonshopping.mapper.ProduceCategoryMapper.selectProduceCategoryExample Line:143 - ==>  Preparing: SELECT * FROM produce_sell_category as T1 left join produce_sell as T2 on T1.sortnum = T2.produce_produce_sortnum ORDER BY T1.id asc 
2019-10-29 11:17:44.106 DEBUG com.hzq.dragonshopping.mapper.ProduceCategoryMapper.selectProduceCategoryExample Line:143 - ==> Parameters: 
2019-10-29 11:17:44.109 DEBUG com.hzq.dragonshopping.mapper.ProduceCategoryMapper.selectProduceCategoryExample Line:143 - <==      Total: 10
2019-10-29 11:17:44.110 INFO  com.hzq.dragonshopping.controller.IndexController Line:35  - 数据
2019-10-29 11:17:48.853 DEBUG com.hzq.dragonshopping.mapper.ShoppingCartMapper.selectAllShoppingCartByUid Line:143 - ==>  Preparing: SELECT * FROM `shopping_cart` as a,produce_sell as b where a.produce_id=b.produce_id and a.user_id=? 
2019-10-29 11:17:48.855 DEBUG com.hzq.dragonshopping.mapper.ShoppingCartMapper.selectAllShoppingCartByUid Line:143 - ==> Parameters: 2(Integer)
2019-10-29 11:17:48.858 DEBUG com.hzq.dragonshopping.mapper.ShoppingCartMapper.selectAllShoppingCartByUid Line:143 - <==      Total: 3
2019-10-29 11:17:48.861 DEBUG com.hzq.dragonshopping.mapper.ShoppingCartMapper.selectAllShoppingCartByUid Line:143 - ==>  Preparing: SELECT * FROM `shopping_cart` as a,produce_sell as b where a.produce_id=b.produce_id and a.user_id=? 
2019-10-29 11:17:48.861 DEBUG com.hzq.dragonshopping.mapper.ShoppingCartMapper.selectAllShoppingCartByUid Line:143 - ==> Parameters: 2(Integer)
2019-10-29 11:17:48.864 DEBUG com.hzq.dragonshopping.mapper.ShoppingCartMapper.selectAllShoppingCartByUid Line:143 - <==      Total: 3
2019-10-29 11:17:55.378 DEBUG com.hzq.dragonshopping.mapper.ProduceMapper.selectHotCommodyByHot Line:143 - ==>  Preparing: SELECT * FROM produce_sell order by produce_hot desc limit 6 
2019-10-29 11:17:55.379 DEBUG com.hzq.dragonshopping.mapper.ProduceMapper.selectHotCommodyByHot Line:143 - ==> Parameters: 
2019-10-29 11:17:55.381 DEBUG com.hzq.dragonshopping.mapper.ProduceMapper.selectHotCommodyByHot Line:143 - <==      Total: 6
2019-10-29 11:17:55.382 DEBUG com.hzq.dragonshopping.mapper.ProduceCategoryMapper.selectProduceCategoryExample Line:143 - ==>  Preparing: SELECT * FROM produce_sell_category as T1 left join produce_sell as T2 on T1.sortnum = T2.produce_produce_sortnum ORDER BY T1.id asc 
2019-10-29 11:17:55.383 DEBUG com.hzq.dragonshopping.mapper.ProduceCategoryMapper.selectProduceCategoryExample Line:143 - ==> Parameters: 
2019-10-29 11:17:55.387 DEBUG com.hzq.dragonshopping.mapper.ProduceCategoryMapper.selectProduceCategoryExample Line:143 - <==      Total: 10
2019-10-29 11:17:55.388 INFO  com.hzq.dragonshopping.controller.IndexController Line:35  - 数据
2019-10-29 11:19:07.117 DEBUG com.hzq.dragonshopping.mapper.ProduceCategoryMapper.selectProduceCategoryExampleById Line:143 - ==>  Preparing: SELECT * FROM produce_sell_category as T1 left join produce_sell as T2 on T1.sortnum = T2.produce_produce_sortnum where produce_id=? 
2019-10-29 11:19:07.118 DEBUG com.hzq.dragonshopping.mapper.ProduceCategoryMapper.selectProduceCategoryExampleById Line:143 - ==> Parameters: 3(Integer)
2019-10-29 11:19:07.120 DEBUG com.hzq.dragonshopping.mapper.ProduceCategoryMapper.selectProduceCategoryExampleById Line:143 - <==      Total: 1
2019-10-29 11:19:07.121 DEBUG com.hzq.dragonshopping.mapper.ProduceMapper.selectProducCommentsUserByProducId Line:143 - ==>  Preparing: SELECT p.produce_id, p.produce_name, p.produce_explain, p.produce_count, p.produce_price, p.produce_shop_price, p.produce_imgurl, p.produce_author, p.produce_sale_count, p.produce_hot, u.user_id, u.user_name, u.user_sex, u.user_headimgurl, c.comments_id, c.comments_centent, c.comments_user_id, c.comments_produce_id, c.comments_stars, c.comments_date from comment as c,produce_sell as p,user as u where c.comments_user_id=u.user_id and c.comments_produce_id=p.produce_id and p.produce_id=? ORDER BY c.comments_user_id 
2019-10-29 11:19:07.122 DEBUG com.hzq.dragonshopping.mapper.ProduceMapper.selectProducCommentsUserByProducId Line:143 - ==> Parameters: 3(Integer)
2019-10-29 11:19:07.125 DEBUG com.hzq.dragonshopping.mapper.ProduceMapper.selectProducCommentsUserByProducId Line:143 - <==      Total: 2
